#
# There is insufficient memory for the Java Runtime Environment to continue.
# Native memory allocation (malloc) failed to allocate 1021216 bytes for Chunk::new
# Possible reasons:
#   The system is out of physical RAM or swap space
#   In 32 bit mode, the process size limit was hit
# Possible solutions:
#   Reduce memory load on the system
#   Increase physical memory or swap space
#   Check if swap backing store is full
#   Use 64 bit Java on a 64 bit OS
#   Decrease Java heap size (-Xmx/-Xms)
#   Decrease number of Java threads
#   Decrease Java thread stack sizes (-Xss)
#   Set larger code cache with -XX:ReservedCodeCacheSize=
# This output file may be truncated or incomplete.
#
#  Out of Memory Error (allocation.cpp:323), pid=13000, tid=10512
#
# JRE version: Java(TM) SE Runtime Environment (7.0_65-b19) (build 1.7.0_65-b19)
# Java VM: Java HotSpot(TM) 64-Bit Server VM (24.65-b04 mixed mode windows-amd64 compressed oops)
# Failed to write core dump. Minidumps are not enabled by default on client versions of Windows
#

---------------  T H R E A D  ---------------

Current thread (0x000000000a9c3000):  JavaThread "C2 CompilerThread1" daemon [_thread_in_native, id=10512, stack(0x000000000c2f0000,0x000000000c3f0000)]

Stack: [0x000000000c2f0000,0x000000000c3f0000]
[error occurred during error reporting (printing stack bounds), id 0xc0000005]


Current CompileTask:
C2:   3855  468   !         org.apache.maven.model.Model::clone (502 bytes)


---------------  P R O C E S S  ---------------

Java Threads: ( => current thread )
  0x000000000a9c5000 JavaThread "Service Thread" daemon [_thread_blocked, id=8160, stack(0x000000000c3f0000,0x000000000c4f0000)]
=>0x000000000a9c3000 JavaThread "C2 CompilerThread1" daemon [_thread_in_native, id=10512, stack(0x000000000c2f0000,0x000000000c3f0000)]
  0x000000000a9b9800 JavaThread "C2 CompilerThread0" daemon [_thread_in_native, id=13716, stack(0x000000000bfb0000,0x000000000c0b0000)]
  0x000000000a9b8800 JavaThread "Attach Listener" daemon [_thread_blocked, id=10564, stack(0x000000000c100000,0x000000000c200000)]
  0x000000000a9b0800 JavaThread "Signal Dispatcher" daemon [_thread_blocked, id=11880, stack(0x000000000bcb0000,0x000000000bdb0000)]
  0x000000000a958000 JavaThread "Finalizer" daemon [_thread_blocked, id=11772, stack(0x000000000be10000,0x000000000bf10000)]
  0x000000000a950800 JavaThread "Reference Handler" daemon [_thread_blocked, id=9172, stack(0x000000000bb50000,0x000000000bc50000)]
  0x00000000020c8000 JavaThread "main" [_thread_in_Java, id=10848, stack(0x00000000025c0000,0x00000000026c0000)]

Other Threads:
  0x000000000a949000 VMThread [stack: 0x000000000b9c0000,0x000000000bac0000] [id=10716]
  0x000000000a9ce800 WatcherThread [stack: 0x000000000ca80000,0x000000000cb80000] [id=9552]

VM state:not at safepoint (normal execution)

VM Mutex/Monitor currently owned by a thread: None

Heap
 PSYoungGen      total 71680K, used 70474K [0x00000007d5900000, 0x00000007da400000, 0x0000000800000000)
  eden space 66560K, 98% used [0x00000007d5900000,0x00000007d98d2920,0x00000007d9a00000)
  from space 5120K, 100% used [0x00000007d9f00000,0x00000007da400000,0x00000007da400000)
  to   space 5120K, 0% used [0x00000007d9a00000,0x00000007d9a00000,0x00000007d9f00000)
 ParOldGen       total 86528K, used 6739K [0x0000000780c00000, 0x0000000786080000, 0x00000007d5900000)
  object space 86528K, 7% used [0x0000000780c00000,0x0000000781294e78,0x0000000786080000)
 PSPermGen       total 21504K, used 15463K [0x000000077ba00000, 0x000000077cf00000, 0x0000000780c00000)
  object space 21504K, 71% used [0x000000077ba00000,0x000000077c919c60,0x000000077cf00000)

Card table byte_map: [0x00000000056c0000,0x0000000005af0000] byte_map_base: 0x0000000001ae3000

Polling page: 0x0000000000430000

Code Cache  [0x00000000026c0000, 0x0000000002930000, 0x00000000056c0000)
 total_blobs=767 nmethods=469 adapters=250 free_code_cache=47520Kb largest_free_block=48624256

Compilation events (10 events):
Event: 3.726 Thread 0x000000000a9c3000 nmethod 467 0x000000000283cc50 code [0x000000000283cd80, 0x000000000283cdf8]
Event: 3.728 Thread 0x000000000a9c3000  468   !         org.apache.maven.model.Model::clone (502 bytes)
Event: 3.831 Thread 0x000000000a9b9800 nmethod 465 0x0000000002858d50 code [0x00000000028592c0, 0x000000000285c420]
Event: 3.832 Thread 0x000000000a9b9800  469             java.util.regex.Pattern$Branch::match (66 bytes)
Event: 3.835 Thread 0x000000000a9b9800 nmethod 469 0x0000000002844590 code [0x00000000028446e0, 0x0000000002844998]
Event: 3.835 Thread 0x000000000a9b9800  470             org.eclipse.sisu.wire.EntryListAdapter$ValueIterator::hasNext (10 bytes)
Event: 3.836 Thread 0x000000000a9b9800 nmethod 470 0x0000000002844210 code [0x0000000002844360, 0x0000000002844448]
Event: 3.836 Thread 0x000000000a9b9800  471             org.eclipse.sisu.inject.RankedSequence$Itr::next (47 bytes)
Event: 3.840 Thread 0x000000000a9b9800 nmethod 471 0x0000000002843990 code [0x0000000002843ae0, 0x0000000002843df8]
Event: 3.840 Thread 0x000000000a9b9800  472             java.util.StringTokenizer::nextToken (92 bytes)

GC Heap History (8 events):
Event: 1.072 GC heap before
{Heap before GC invocations=1 (full 0):
 PSYoungGen      total 38400K, used 33280K [0x00000007d5900000, 0x00000007d8380000, 0x0000000800000000)
  eden space 33280K, 100% used [0x00000007d5900000,0x00000007d7980000,0x00000007d7980000)
  from space 5120K, 0% used [0x00000007d7e80000,0x00000007d7e80000,0x00000007d8380000)
  to   space 5120K, 0% used [0x00000007d7980000,0x00000007d7980000,0x00000007d7e80000)
 ParOldGen       total 86528K, used 0K [0x0000000780c00000, 0x0000000786080000, 0x00000007d5900000)
  object space 86528K, 0% used [0x0000000780c00000,0x0000000780c00000,0x0000000786080000)
 PSPermGen       total 21504K, used 8079K [0x000000077ba00000, 0x000000077cf00000, 0x0000000780c00000)
  object space 21504K, 37% used [0x000000077ba00000,0x000000077c1e3dd8,0x000000077cf00000)
Event: 1.079 GC heap after
Heap after GC invocations=1 (full 0):
 PSYoungGen      total 38400K, used 5119K [0x00000007d5900000, 0x00000007d8380000, 0x0000000800000000)
  eden space 33280K, 0% used [0x00000007d5900000,0x00000007d5900000,0x00000007d7980000)
  from space 5120K, 99% used [0x00000007d7980000,0x00000007d7e7ff98,0x00000007d7e80000)
  to   space 5120K, 0% used [0x00000007d7e80000,0x00000007d7e80000,0x00000007d8380000)
 ParOldGen       total 86528K, used 85K [0x0000000780c00000, 0x0000000786080000, 0x00000007d5900000)
  object space 86528K, 0% used [0x0000000780c00000,0x0000000780c15440,0x0000000786080000)
 PSPermGen       total 21504K, used 8079K [0x000000077ba00000, 0x000000077cf00000, 0x0000000780c00000)
  object space 21504K, 37% used [0x000000077ba00000,0x000000077c1e3dd8,0x000000077cf00000)
}
Event: 1.667 GC heap before
{Heap before GC invocations=2 (full 0):
 PSYoungGen      total 38400K, used 38399K [0x00000007d5900000, 0x00000007d8380000, 0x0000000800000000)
  eden space 33280K, 100% used [0x00000007d5900000,0x00000007d7980000,0x00000007d7980000)
  from space 5120K, 99% used [0x00000007d7980000,0x00000007d7e7ff98,0x00000007d7e80000)
  to   space 5120K, 0% used [0x00000007d7e80000,0x00000007d7e80000,0x00000007d8380000)
 ParOldGen       total 86528K, used 85K [0x0000000780c00000, 0x0000000786080000, 0x00000007d5900000)
  object space 86528K, 0% used [0x0000000780c00000,0x0000000780c15440,0x0000000786080000)
 PSPermGen       total 21504K, used 12248K [0x000000077ba00000, 0x000000077cf00000, 0x0000000780c00000)
  object space 21504K, 56% used [0x000000077ba00000,0x000000077c5f62c8,0x000000077cf00000)
Event: 1.677 GC heap after
Heap after GC invocations=2 (full 0):
 PSYoungGen      total 38400K, used 5101K [0x00000007d5900000, 0x00000007da400000, 0x0000000800000000)
  eden space 33280K, 0% used [0x00000007d5900000,0x00000007d5900000,0x00000007d7980000)
  from space 5120K, 99% used [0x00000007d7e80000,0x00000007d837b560,0x00000007d8380000)
  to   space 5120K, 0% used [0x00000007d7980000,0x00000007d7980000,0x00000007d7e80000)
 ParOldGen       total 86528K, used 2012K [0x0000000780c00000, 0x0000000786080000, 0x00000007d5900000)
  object space 86528K, 2% used [0x0000000780c00000,0x0000000780df71c0,0x0000000786080000)
 PSPermGen       total 21504K, used 12248K [0x000000077ba00000, 0x000000077cf00000, 0x0000000780c00000)
  object space 21504K, 56% used [0x000000077ba00000,0x000000077c5f62c8,0x000000077cf00000)
}
Event: 2.414 GC heap before
{Heap before GC invocations=3 (full 0):
 PSYoungGen      total 38400K, used 38381K [0x00000007d5900000, 0x00000007da400000, 0x0000000800000000)
  eden space 33280K, 100% used [0x00000007d5900000,0x00000007d7980000,0x00000007d7980000)
  from space 5120K, 99% used [0x00000007d7e80000,0x00000007d837b560,0x00000007d8380000)
  to   space 5120K, 0% used [0x00000007d7980000,0x00000007d7980000,0x00000007d7e80000)
 ParOldGen       total 86528K, used 2012K [0x0000000780c00000, 0x0000000786080000, 0x00000007d5900000)
  object space 86528K, 2% used [0x0000000780c00000,0x0000000780df71c0,0x0000000786080000)
 PSPermGen       total 21504K, used 14939K [0x000000077ba00000, 0x000000077cf00000, 0x0000000780c00000)
  object space 21504K, 69% used [0x000000077ba00000,0x000000077c896c20,0x000000077cf00000)
Event: 2.426 GC heap after
Heap after GC invocations=3 (full 0):
 PSYoungGen      total 38400K, used 5096K [0x00000007d5900000, 0x00000007da400000, 0x0000000800000000)
  eden space 33280K, 0% used [0x00000007d5900000,0x00000007d5900000,0x00000007d7980000)
  from space 5120K, 99% used [0x00000007d7980000,0x00000007d7e7a090,0x00000007d7e80000)
  to   space 5120K, 0% used [0x00000007d9f00000,0x00000007d9f00000,0x00000007da400000)
 ParOldGen       total 86528K, used 4542K [0x0000000780c00000, 0x0000000786080000, 0x00000007d5900000)
  object space 86528K, 5% used [0x0000000780c00000,0x000000078106fb30,0x0000000786080000)
 PSPermGen       total 21504K, used 14939K [0x000000077ba00000, 0x000000077cf00000, 0x0000000780c00000)
  object space 21504K, 69% used [0x000000077ba00000,0x000000077c896c20,0x000000077cf00000)
}
Event: 2.903 GC heap before
{Heap before GC invocations=4 (full 0):
 PSYoungGen      total 38400K, used 38376K [0x00000007d5900000, 0x00000007da400000, 0x0000000800000000)
  eden space 33280K, 100% used [0x00000007d5900000,0x00000007d7980000,0x00000007d7980000)
  from space 5120K, 99% used [0x00000007d7980000,0x00000007d7e7a090,0x00000007d7e80000)
  to   space 5120K, 0% used [0x00000007d9f00000,0x00000007d9f00000,0x00000007da400000)
 ParOldGen       total 86528K, used 4542K [0x0000000780c00000, 0x0000000786080000, 0x00000007d5900000)
  object space 86528K, 5% used [0x0000000780c00000,0x000000078106fb30,0x0000000786080000)
 PSPermGen       total 21504K, used 15051K [0x000000077ba00000, 0x000000077cf00000, 0x0000000780c00000)
  object space 21504K, 69% used [0x000000077ba00000,0x000000077c8b2f58,0x000000077cf00000)
Event: 2.928 GC heap after
Heap after GC invocations=4 (full 0):
 PSYoungGen      total 71680K, used 5120K [0x00000007d5900000, 0x00000007da400000, 0x0000000800000000)
  eden space 66560K, 0% used [0x00000007d5900000,0x00000007d5900000,0x00000007d9a00000)
  from space 5120K, 100% used [0x00000007d9f00000,0x00000007da400000,0x00000007da400000)
  to   space 5120K, 0% used [0x00000007d9a00000,0x00000007d9a00000,0x00000007d9f00000)
 ParOldGen       total 86528K, used 6739K [0x0000000780c00000, 0x0000000786080000, 0x00000007d5900000)
  object space 86528K, 7% used [0x0000000780c00000,0x0000000781294e78,0x0000000786080000)
 PSPermGen       total 21504K, used 15051K [0x000000077ba00000, 0x000000077cf00000, 0x0000000780c00000)
  object space 21504K, 69% used [0x000000077ba00000,0x000000077c8b2f58,0x000000077cf00000)
}

Deoptimization events (10 events):
Event: 3.643 Thread 0x00000000020c8000 Uncommon trap: reason=bimorphic action=maybe_recompile pc=0x000000000279587c method=java.util.regex.Pattern$CharProperty.match(Ljava/util/regex/Matcher;ILjava/lang/CharSequence;)Z @ 37
Event: 3.644 Thread 0x00000000020c8000 Uncommon trap: reason=bimorphic action=maybe_recompile pc=0x000000000282b81c method=java.util.ArrayList.addAll(Ljava/util/Collection;)Z @ 1
Event: 3.644 Thread 0x00000000020c8000 Uncommon trap: reason=bimorphic action=maybe_recompile pc=0x000000000282b81c method=java.util.ArrayList.addAll(Ljava/util/Collection;)Z @ 1
Event: 3.647 Thread 0x00000000020c8000 Uncommon trap: reason=null_check action=make_not_entrant pc=0x0000000002832498 method=com.google.inject.internal.InjectorImpl.callInContext(Lcom/google/inject/internal/ContextualCallable;)Ljava/lang/Object; @ 7
Event: 3.648 Thread 0x00000000020c8000 Uncommon trap: reason=bimorphic action=maybe_recompile pc=0x00000000027fe1b8 method=java.util.HashMap.putAll(Ljava/util/Map;)V @ 1
Event: 3.648 Thread 0x00000000020c8000 Uncommon trap: reason=bimorphic action=maybe_recompile pc=0x00000000027fe1b8 method=java.util.HashMap.putAll(Ljava/util/Map;)V @ 1
Event: 3.648 Thread 0x00000000020c8000 Uncommon trap: reason=bimorphic action=maybe_recompile pc=0x00000000027fe1b8 method=java.util.HashMap.putAll(Ljava/util/Map;)V @ 1
Event: 3.648 Thread 0x00000000020c8000 Uncommon trap: reason=bimorphic action=maybe_recompile pc=0x00000000027fe1b8 method=java.util.HashMap.putAll(Ljava/util/Map;)V @ 1
Event: 3.689 Thread 0x00000000020c8000 Uncommon trap: reason=unreached action=reinterpret pc=0x0000000002835590 method=org.apache.maven.model.ConfigurationContainer.clone()Lorg/apache/maven/model/ConfigurationContainer; @ 37
Event: 3.691 Thread 0x00000000020c8000 Uncommon trap: reason=null_check action=make_not_entrant pc=0x000000000284cfdc method=sun.nio.cs.StreamDecoder.inReady()Z @ 21

Internal exceptions (10 events):
Event: 3.678 Thread 0x00000000020c8000 Threw 0x00000007d8c6b418 at C:\re\jdk7u65\1313\hotspot\src\share\vm\prims\jvm.cpp:1244
Event: 3.679 Thread 0x00000000020c8000 Threw 0x00000007d8c80cb0 at C:\re\jdk7u65\1313\hotspot\src\share\vm\prims\jvm.cpp:1244
Event: 3.681 Thread 0x00000000020c8000 Threw 0x00000007d8c85188 at C:\re\jdk7u65\1313\hotspot\src\share\vm\prims\jvm.cpp:1244
Event: 3.683 Thread 0x00000000020c8000 Threw 0x00000007d8c88e58 at C:\re\jdk7u65\1313\hotspot\src\share\vm\prims\jvm.cpp:1244
Event: 3.687 Thread 0x00000000020c8000 Threw 0x00000007d8c98878 at C:\re\jdk7u65\1313\hotspot\src\share\vm\prims\jvm.cpp:1244
Event: 3.688 Thread 0x00000000020c8000 Threw 0x00000007d8c9d500 at C:\re\jdk7u65\1313\hotspot\src\share\vm\prims\jvm.cpp:1244
Event: 3.688 Thread 0x00000000020c8000 Threw 0x00000007d8c9dbf0 at C:\re\jdk7u65\1313\hotspot\src\share\vm\prims\jvm.cpp:1244
Event: 3.688 Thread 0x00000000020c8000 Threw 0x00000007d8ca3c10 at C:\re\jdk7u65\1313\hotspot\src\share\vm\prims\jvm.cpp:1244
Event: 3.688 Thread 0x00000000020c8000 Threw 0x00000007d8ca43f0 at C:\re\jdk7u65\1313\hotspot\src\share\vm\prims\jvm.cpp:1244
Event: 3.691 Thread 0x00000000020c8000 Implicit null exception at 0x000000000284a10c to 0x000000000284cfcd

Events (10 events):
Event: 3.688 loading class 0x000000000d2b2f40
Event: 3.688 loading class 0x000000000d2b2f40 done
Event: 3.688 loading class 0x000000000d5fef90
Event: 3.688 loading class 0x000000000d5fef90 done
Event: 3.689 Thread 0x00000000020c8000 Uncommon trap: trap_request=0xffffffad fr.pc=0x0000000002835590
Event: 3.689 Thread 0x00000000020c8000 DEOPT PACKING pc=0x0000000002835590 sp=0x00000000026bde30
Event: 3.689 Thread 0x00000000020c8000 DEOPT UNPACKING pc=0x00000000026f75a4 sp=0x00000000026bddb0 mode 2
Event: 3.691 Thread 0x00000000020c8000 Uncommon trap: trap_request=0xfffffff4 fr.pc=0x000000000284cfdc
Event: 3.691 Thread 0x00000000020c8000 DEOPT PACKING pc=0x000000000284cfdc sp=0x00000000026bd1c0
Event: 3.691 Thread 0x00000000020c8000 DEOPT UNPACKING pc=0x00000000026f75a4 sp=0x00000000026bd0e0 mode 2


Dynamic libraries:
0x000000013f450000 - 0x000000013f483000 	c:\Program Files\Java\jdk1.7.0_65\bin\java.exe
0x00000000772a0000 - 0x0000000077449000 	C:\windows\SYSTEM32\ntdll.dll
0x0000000077180000 - 0x000000007729f000 	C:\windows\system32\kernel32.dll
0x000007fefd300000 - 0x000007fefd36c000 	C:\windows\system32\KERNELBASE.dll
0x000007feff200000 - 0x000007feff2db000 	C:\windows\system32\ADVAPI32.dll
0x000007fefde90000 - 0x000007fefdf2f000 	C:\windows\system32\msvcrt.dll
0x000007fefdf30000 - 0x000007fefdf4f000 	C:\windows\SYSTEM32\sechost.dll
0x000007fefd860000 - 0x000007fefd98d000 	C:\windows\system32\RPCRT4.dll
0x0000000077080000 - 0x000000007717a000 	C:\windows\system32\USER32.dll
0x000007fefd9a0000 - 0x000007fefda07000 	C:\windows\system32\GDI32.dll
0x000007fefd990000 - 0x000007fefd99e000 	C:\windows\system32\LPK.dll
0x000007fefd410000 - 0x000007fefd4d9000 	C:\windows\system32\USP10.dll
0x000007fefb550000 - 0x000007fefb744000 	C:\windows\WinSxS\amd64_microsoft.windows.common-controls_6595b64144ccf1df_6.0.7601.18837_none_fa3b1e3d17594757\COMCTL32.dll
0x000007fefd4e0000 - 0x000007fefd551000 	C:\windows\system32\SHLWAPI.dll
0x000007fefdba0000 - 0x000007fefdbce000 	C:\windows\system32\IMM32.DLL
0x000007fefd560000 - 0x000007fefd669000 	C:\windows\system32\MSCTF.dll
0x0000000070fa0000 - 0x0000000071072000 	c:\Program Files\Java\jdk1.7.0_65\jre\bin\msvcr100.dll
0x000000006e390000 - 0x000000006eb62000 	c:\Program Files\Java\jdk1.7.0_65\jre\bin\server\jvm.dll
0x000007fefa640000 - 0x000007fefa649000 	C:\windows\system32\WSOCK32.dll
0x000007fefd810000 - 0x000007fefd85d000 	C:\windows\system32\WS2_32.dll
0x000007fefdf50000 - 0x000007fefdf58000 	C:\windows\system32\NSI.dll
0x000007fefba40000 - 0x000007fefba7b000 	C:\windows\system32\WINMM.dll
0x0000000077470000 - 0x0000000077477000 	C:\windows\system32\PSAPI.DLL
0x00000000710b0000 - 0x00000000710bf000 	c:\Program Files\Java\jdk1.7.0_65\jre\bin\verify.dll
0x0000000070f70000 - 0x0000000070f98000 	c:\Program Files\Java\jdk1.7.0_65\jre\bin\java.dll
0x0000000070f50000 - 0x0000000070f65000 	c:\Program Files\Java\jdk1.7.0_65\jre\bin\zip.dll
0x0000000070f30000 - 0x0000000070f49000 	C:\Program Files\Java\jdk1.7.0_65\jre\bin\net.dll
0x000007fefc830000 - 0x000007fefc885000 	C:\windows\system32\mswsock.dll
0x000007fefc820000 - 0x000007fefc827000 	C:\windows\System32\wship6.dll
0x0000000070f10000 - 0x0000000070f21000 	C:\Program Files\Java\jdk1.7.0_65\jre\bin\nio.dll

VM Arguments:
jvm_args: -Dclassworlds.conf=c:/TYO/Ohjelmat/apache-maven/bin/m2.conf -Dmaven.home=c:/TYO/Ohjelmat/apache-maven -Dmaven.multiModuleProjectDirectory=c:/TYO/Projektit/Tampere/oskari-server-extensions 
java_command: org.codehaus.plexus.classworlds.launcher.Launcher clean install
Launcher Type: SUN_STANDARD

Environment Variables:
JAVA_HOME=c:/Program Files/Java/jdk1.7.0_65
PATH=c:\Users\markokuo\bin;.;C:\Program Files (x86)\Git\local\bin;C:\Program Files (x86)\Git\mingw\bin;C:\Program Files (x86)\Git\bin;c:\Program Files\ImageMagick-6.8.9-Q16;c:\Program Files\Common Files\Microsoft Shared\Windows Live;c:\Program Files (x86)\Common Files\Microsoft Shared\Windows Live;c:\windows\system32;c:\windows;c:\windows\System32\Wbem;c:\windows\System32\WindowsPowerShell\v1.0\;c:\Program Files\WIDCOMM\Bluetooth Software\;c:\Program Files\WIDCOMM\Bluetooth Software\syswow64;c:\Program Files (x86)\ATI Technologies\ATI.ACE\Core-Static;c:\Program Files (x86)\Common Files\Roxio Shared\OEM\DLLShared\;c:\Program Files (x86)\Common Files\Roxio Shared\OEM\DLLShared\;c:\Program Files (x86)\Common Files\Roxio Shared\OEM\12.0\DLLShared\;c:\Program Files (x86)\Roxio\OEM\AudioCore\;c:\Program Files (x86)\Intel\Services\IPT\;c:\Program Files\TortoiseSVN\bin;c:\Program Files (x86)\Common Files\HP\Digital Imaging\bin;c:\Program Files (x86)\HP\Digital Imaging\bin\;c:\Program Files (x86)\HP\Digital Imaging\bin\Qt\Qt 4.3.3;c:\Program Files (x86)\Microsoft SQL Server\110\Tools\Binn\ManagementStudio\;c:\Program Files (x86)\Microsoft SQL Server\110\Tools\Binn\;c:\Program Files\Microsoft SQL Server\110\Tools\Binn\;c:\Program Files (x86)\Microsoft SQL Server\110\DTS\Binn\;c:\TYO\Ohjelmat\apache-ant-1.9.0\bin;c:\Program Files (x86)\Windows Live\Shared;c:\Program Files (x86)\sbt\bin;c:\Program Files\Microsoft\Web Platform Installer\;c:\Program Files\nodejs\;c:\TYO\Ohjelmat\apache-maven\bin;c:\Program Files (x86)\Skype\Phone\;c:\Users\markokuo\AppData\Roaming\npm
USERNAME=markokuo
OS=Windows_NT
PROCESSOR_IDENTIFIER=Intel64 Family 6 Model 42 Stepping 7, GenuineIntel



---------------  S Y S T E M  ---------------

OS: Windows 7 , 64 bit Build 7601 Service Pack 1

CPU:total 4 (2 cores per cpu, 2 threads per core) family 6 model 42 stepping 7, cmov, cx8, fxsr, mmx, sse, sse2, sse3, ssse3, sse4.1, sse4.2, popcnt, avx, aes, ht, tsc, tscinvbit

Memory: 4k page, physical 8337772k(457856k free), swap 10433088k(5056k free)

vm_info: Java HotSpot(TM) 64-Bit Server VM (24.65-b04) for windows-amd64 JRE (1.7.0_65-b19), built on Jul  9 2014 17:47:07 by "java_re" with unknown MS VC++:1600

time: Mon Sep 07 14:14:30 2015
elapsed time: 3 seconds

