#
# There is insufficient memory for the Java Runtime Environment to continue.
# Native memory allocation (malloc) failed to allocate 689376 bytes for Chunk::new
# Possible reasons:
#   The system is out of physical RAM or swap space
#   In 32 bit mode, the process size limit was hit
# Possible solutions:
#   Reduce memory load on the system
#   Increase physical memory or swap space
#   Check if swap backing store is full
#   Use 64 bit Java on a 64 bit OS
#   Decrease Java heap size (-Xmx/-Xms)
#   Decrease number of Java threads
#   Decrease Java thread stack sizes (-Xss)
#   Set larger code cache with -XX:ReservedCodeCacheSize=
# This output file may be truncated or incomplete.
#
#  Out of Memory Error (allocation.cpp:323), pid=1592, tid=7696
#
# JRE version: Java(TM) SE Runtime Environment (7.0_65-b19) (build 1.7.0_65-b19)
# Java VM: Java HotSpot(TM) 64-Bit Server VM (24.65-b04 mixed mode windows-amd64 compressed oops)
# Failed to write core dump. Minidumps are not enabled by default on client versions of Windows
#

---------------  T H R E A D  ---------------

Current thread (0x000000000aa69800):  JavaThread "C2 CompilerThread0" daemon [_thread_in_native, id=7696, stack(0x000000000c240000,0x000000000c340000)]

Stack: [0x000000000c240000,0x000000000c340000]
[error occurred during error reporting (printing stack bounds), id 0xc0000005]


[error occurred during error reporting (printing native stack), id 0xc0000005]


Current CompileTask:
C2:   6083  715             com.sun.tools.javac.comp.Resolve::checkRawArgumentsAcceptable (311 bytes)


---------------  P R O C E S S  ---------------

Java Threads: ( => current thread )
  0x000000000aa6d800 JavaThread "Service Thread" daemon [_thread_blocked, id=8684, stack(0x000000000c5f0000,0x000000000c6f0000)]
  0x000000000aa6b800 JavaThread "C2 CompilerThread1" daemon [_thread_in_native, id=3080, stack(0x000000000c3f0000,0x000000000c4f0000)]
=>0x000000000aa69800 JavaThread "C2 CompilerThread0" daemon [_thread_in_native, id=7696, stack(0x000000000c240000,0x000000000c340000)]
  0x000000000aa68800 JavaThread "Attach Listener" daemon [_thread_blocked, id=11416, stack(0x000000000c0f0000,0x000000000c1f0000)]
  0x000000000aa60800 JavaThread "Signal Dispatcher" daemon [_thread_blocked, id=4628, stack(0x000000000bed0000,0x000000000bfd0000)]
  0x000000000aa08000 JavaThread "Finalizer" daemon [_thread_blocked, id=8460, stack(0x000000000bdb0000,0x000000000beb0000)]
  0x000000000aa00800 JavaThread "Reference Handler" daemon [_thread_blocked, id=11604, stack(0x000000000bc30000,0x000000000bd30000)]
  0x00000000021b8000 JavaThread "main" [_thread_in_native, id=14296, stack(0x0000000002450000,0x0000000002550000)]

Other Threads:
  0x000000000a9f9000 VMThread [stack: 0x000000000ba70000,0x000000000bb70000] [id=12316]
  0x000000000aa7b000 WatcherThread [stack: 0x000000000c8a0000,0x000000000c9a0000] [id=11340]

VM state:not at safepoint (normal execution)

VM Mutex/Monitor currently owned by a thread: None

Heap
 PSYoungGen      total 71680K, used 38716K [0x00000007d5900000, 0x00000007da400000, 0x0000000800000000)
  eden space 66560K, 50% used [0x00000007d5900000,0x00000007d79d6780,0x00000007d9a00000)
  from space 5120K, 99% used [0x00000007d9a00000,0x00000007d9ef8af0,0x00000007d9f00000)
  to   space 5120K, 0% used [0x00000007d9f00000,0x00000007d9f00000,0x00000007da400000)
 ParOldGen       total 86528K, used 30672K [0x0000000780c00000, 0x0000000786080000, 0x00000007d5900000)
  object space 86528K, 35% used [0x0000000780c00000,0x00000007829f4208,0x0000000786080000)
 PSPermGen       total 21504K, used 19848K [0x000000077ba00000, 0x000000077cf00000, 0x0000000780c00000)
  object space 21504K, 92% used [0x000000077ba00000,0x000000077cd62368,0x000000077cf00000)

Card table byte_map: [0x0000000005550000,0x0000000005980000] byte_map_base: 0x0000000001973000

Polling page: 0x0000000000430000

Code Cache  [0x0000000002550000, 0x00000000027c0000, 0x0000000005550000)
 total_blobs=1008 nmethods=692 adapters=268 free_code_cache=47031Kb largest_free_block=48111808

Compilation events (10 events):
Event: 6.055 Thread 0x000000000aa69800 nmethod 710 0x000000000276b710 code [0x000000000276b9c0, 0x000000000276c8e0]
Event: 6.055 Thread 0x000000000aa69800  711             com.sun.tools.javac.code.Types$Subst::subst (21 bytes)
Event: 6.056 Thread 0x000000000aa69800 nmethod 711 0x00000000027659d0 code [0x0000000002765b20, 0x0000000002765bf8]
Event: 6.056 Thread 0x000000000aa69800  712             com.sun.tools.javac.code.Type::accept (9 bytes)
Event: 6.057 Thread 0x000000000aa69800 nmethod 712 0x0000000002761f90 code [0x00000000027620e0, 0x0000000002762158]
Event: 6.057 Thread 0x000000000aa69800  713             com.sun.tools.javac.code.Symbol$ClassSymbol::members (16 bytes)
Event: 6.057 Thread 0x000000000aa69800 nmethod 713 0x0000000002761d50 code [0x0000000002761e80, 0x0000000002761f18]
Event: 6.057 Thread 0x000000000aa69800  714             com.sun.tools.javac.code.Scope::lookup (67 bytes)
Event: 6.061 Thread 0x000000000aa69800 nmethod 714 0x0000000002769650 code [0x00000000027697a0, 0x0000000002769a38]
Event: 6.061 Thread 0x000000000aa69800  715             com.sun.tools.javac.comp.Resolve::checkRawArgumentsAcceptable (311 bytes)

GC Heap History (10 events):
Event: 2.388 GC heap before
{Heap before GC invocations=3 (full 0):
 PSYoungGen      total 38400K, used 38386K [0x00000007d5900000, 0x00000007d8380000, 0x0000000800000000)
  eden space 33280K, 100% used [0x00000007d5900000,0x00000007d7980000,0x00000007d7980000)
  from space 5120K, 99% used [0x00000007d7e80000,0x00000007d837cbb0,0x00000007d8380000)
  to   space 5120K, 0% used [0x00000007d7980000,0x00000007d7980000,0x00000007d7e80000)
 ParOldGen       total 86528K, used 1973K [0x0000000780c00000, 0x0000000786080000, 0x00000007d5900000)
  object space 86528K, 2% used [0x0000000780c00000,0x0000000780ded738,0x0000000786080000)
 PSPermGen       total 21504K, used 14939K [0x000000077ba00000, 0x000000077cf00000, 0x0000000780c00000)
  object space 21504K, 69% used [0x000000077ba00000,0x000000077c896f68,0x000000077cf00000)
Event: 2.401 GC heap after
Heap after GC invocations=3 (full 0):
 PSYoungGen      total 38400K, used 5088K [0x00000007d5900000, 0x00000007da400000, 0x0000000800000000)
  eden space 33280K, 0% used [0x00000007d5900000,0x00000007d5900000,0x00000007d7980000)
  from space 5120K, 99% used [0x00000007d7980000,0x00000007d7e78020,0x00000007d7e80000)
  to   space 5120K, 0% used [0x00000007d9f00000,0x00000007d9f00000,0x00000007da400000)
 ParOldGen       total 86528K, used 4350K [0x0000000780c00000, 0x0000000786080000, 0x00000007d5900000)
  object space 86528K, 5% used [0x0000000780c00000,0x000000078103fba8,0x0000000786080000)
 PSPermGen       total 21504K, used 14939K [0x000000077ba00000, 0x000000077cf00000, 0x0000000780c00000)
  object space 21504K, 69% used [0x000000077ba00000,0x000000077c896f68,0x000000077cf00000)
}
Event: 2.918 GC heap before
{Heap before GC invocations=4 (full 0):
 PSYoungGen      total 38400K, used 38368K [0x00000007d5900000, 0x00000007da400000, 0x0000000800000000)
  eden space 33280K, 100% used [0x00000007d5900000,0x00000007d7980000,0x00000007d7980000)
  from space 5120K, 99% used [0x00000007d7980000,0x00000007d7e78020,0x00000007d7e80000)
  to   space 5120K, 0% used [0x00000007d9f00000,0x00000007d9f00000,0x00000007da400000)
 ParOldGen       total 86528K, used 4350K [0x0000000780c00000, 0x0000000786080000, 0x00000007d5900000)
  object space 86528K, 5% used [0x0000000780c00000,0x000000078103fba8,0x0000000786080000)
 PSPermGen       total 21504K, used 15054K [0x000000077ba00000, 0x000000077cf00000, 0x0000000780c00000)
  object space 21504K, 70% used [0x000000077ba00000,0x000000077c8b3938,0x000000077cf00000)
Event: 2.933 GC heap after
Heap after GC invocations=4 (full 0):
 PSYoungGen      total 71680K, used 5120K [0x00000007d5900000, 0x00000007da400000, 0x0000000800000000)
  eden space 66560K, 0% used [0x00000007d5900000,0x00000007d5900000,0x00000007d9a00000)
  from space 5120K, 100% used [0x00000007d9f00000,0x00000007da400000,0x00000007da400000)
  to   space 5120K, 0% used [0x00000007d9a00000,0x00000007d9a00000,0x00000007d9f00000)
 ParOldGen       total 86528K, used 6771K [0x0000000780c00000, 0x0000000786080000, 0x00000007d5900000)
  object space 86528K, 7% used [0x0000000780c00000,0x000000078129ce90,0x0000000786080000)
 PSPermGen       total 21504K, used 15054K [0x000000077ba00000, 0x000000077cf00000, 0x0000000780c00000)
  object space 21504K, 70% used [0x000000077ba00000,0x000000077c8b3938,0x000000077cf00000)
}
Event: 3.876 GC heap before
{Heap before GC invocations=5 (full 0):
 PSYoungGen      total 71680K, used 71680K [0x00000007d5900000, 0x00000007da400000, 0x0000000800000000)
  eden space 66560K, 100% used [0x00000007d5900000,0x00000007d9a00000,0x00000007d9a00000)
  from space 5120K, 100% used [0x00000007d9f00000,0x00000007da400000,0x00000007da400000)
  to   space 5120K, 0% used [0x00000007d9a00000,0x00000007d9a00000,0x00000007d9f00000)
 ParOldGen       total 86528K, used 6771K [0x0000000780c00000, 0x0000000786080000, 0x00000007d5900000)
  object space 86528K, 7% used [0x0000000780c00000,0x000000078129ce90,0x0000000786080000)
 PSPermGen       total 21504K, used 15459K [0x000000077ba00000, 0x000000077cf00000, 0x0000000780c00000)
  object space 21504K, 71% used [0x000000077ba00000,0x000000077c918f10,0x000000077cf00000)
Event: 3.887 GC heap after
Heap after GC invocations=5 (full 0):
 PSYoungGen      total 71680K, used 5120K [0x00000007d5900000, 0x00000007da400000, 0x0000000800000000)
  eden space 66560K, 0% used [0x00000007d5900000,0x00000007d5900000,0x00000007d9a00000)
  from space 5120K, 100% used [0x00000007d9a00000,0x00000007d9f00000,0x00000007d9f00000)
  to   space 5120K, 0% used [0x00000007d9f00000,0x00000007d9f00000,0x00000007da400000)
 ParOldGen       total 86528K, used 10516K [0x0000000780c00000, 0x0000000786080000, 0x00000007d5900000)
  object space 86528K, 12% used [0x0000000780c00000,0x0000000781645360,0x0000000786080000)
 PSPermGen       total 21504K, used 15459K [0x000000077ba00000, 0x000000077cf00000, 0x0000000780c00000)
  object space 21504K, 71% used [0x000000077ba00000,0x000000077c918f10,0x000000077cf00000)
}
Event: 5.106 GC heap before
{Heap before GC invocations=6 (full 0):
 PSYoungGen      total 71680K, used 71680K [0x00000007d5900000, 0x00000007da400000, 0x0000000800000000)
  eden space 66560K, 100% used [0x00000007d5900000,0x00000007d9a00000,0x00000007d9a00000)
  from space 5120K, 100% used [0x00000007d9a00000,0x00000007d9f00000,0x00000007d9f00000)
  to   space 5120K, 0% used [0x00000007d9f00000,0x00000007d9f00000,0x00000007da400000)
 ParOldGen       total 86528K, used 10516K [0x0000000780c00000, 0x0000000786080000, 0x00000007d5900000)
  object space 86528K, 12% used [0x0000000780c00000,0x0000000781645360,0x0000000786080000)
 PSPermGen       total 21504K, used 19275K [0x000000077ba00000, 0x000000077cf00000, 0x0000000780c00000)
  object space 21504K, 89% used [0x000000077ba00000,0x000000077ccd2e08,0x000000077cf00000)
Event: 5.129 GC heap after
Heap after GC invocations=6 (full 0):
 PSYoungGen      total 71680K, used 5104K [0x00000007d5900000, 0x00000007da400000, 0x0000000800000000)
  eden space 66560K, 0% used [0x00000007d5900000,0x00000007d5900000,0x00000007d9a00000)
  from space 5120K, 99% used [0x00000007d9f00000,0x00000007da3fc030,0x00000007da400000)
  to   space 5120K, 0% used [0x00000007d9a00000,0x00000007d9a00000,0x00000007d9f00000)
 ParOldGen       total 86528K, used 26941K [0x0000000780c00000, 0x0000000786080000, 0x00000007d5900000)
  object space 86528K, 31% used [0x0000000780c00000,0x000000078264f568,0x0000000786080000)
 PSPermGen       total 21504K, used 19275K [0x000000077ba00000, 0x000000077cf00000, 0x0000000780c00000)
  object space 21504K, 89% used [0x000000077ba00000,0x000000077ccd2e08,0x000000077cf00000)
}
Event: 5.648 GC heap before
{Heap before GC invocations=7 (full 0):
 PSYoungGen      total 71680K, used 71664K [0x00000007d5900000, 0x00000007da400000, 0x0000000800000000)
  eden space 66560K, 100% used [0x00000007d5900000,0x00000007d9a00000,0x00000007d9a00000)
  from space 5120K, 99% used [0x00000007d9f00000,0x00000007da3fc030,0x00000007da400000)
  to   space 5120K, 0% used [0x00000007d9a00000,0x00000007d9a00000,0x00000007d9f00000)
 ParOldGen       total 86528K, used 26941K [0x0000000780c00000, 0x0000000786080000, 0x00000007d5900000)
  object space 86528K, 31% used [0x0000000780c00000,0x000000078264f568,0x0000000786080000)
 PSPermGen       total 21504K, used 19585K [0x000000077ba00000, 0x000000077cf00000, 0x0000000780c00000)
  object space 21504K, 91% used [0x000000077ba00000,0x000000077cd20650,0x000000077cf00000)
Event: 5.660 GC heap after
Heap after GC invocations=7 (full 0):
 PSYoungGen      total 71680K, used 5090K [0x00000007d5900000, 0x00000007da400000, 0x0000000800000000)
  eden space 66560K, 0% used [0x00000007d5900000,0x00000007d5900000,0x00000007d9a00000)
  from space 5120K, 99% used [0x00000007d9a00000,0x00000007d9ef8af0,0x00000007d9f00000)
  to   space 5120K, 0% used [0x00000007d9f00000,0x00000007d9f00000,0x00000007da400000)
 ParOldGen       total 86528K, used 30672K [0x0000000780c00000, 0x0000000786080000, 0x00000007d5900000)
  object space 86528K, 35% used [0x0000000780c00000,0x00000007829f4208,0x0000000786080000)
 PSPermGen       total 21504K, used 19585K [0x000000077ba00000, 0x000000077cf00000, 0x0000000780c00000)
  object space 21504K, 91% used [0x000000077ba00000,0x000000077cd20650,0x000000077cf00000)
}

Deoptimization events (10 events):
Event: 5.799 Thread 0x00000000021b8000 Uncommon trap: reason=unloaded action=reinterpret pc=0x000000000274bb48 method=com.sun.tools.javac.jvm.ClassReader.readPool(I)Ljava/lang/Object; @ 386
Event: 5.844 Thread 0x00000000021b8000 Uncommon trap: reason=unreached action=reinterpret pc=0x00000000026c7898 method=com.sun.tools.javac.code.Scope.remove(Lcom/sun/tools/javac/code/Symbol;)V @ 28
Event: 5.879 Thread 0x00000000021b8000 Uncommon trap: reason=null_check action=make_not_entrant pc=0x0000000002758250 method=com.sun.tools.javac.code.Types.supertype(Lcom/sun/tools/javac/code/Type;)Lcom/sun/tools/javac/code/Type; @ 8
Event: 5.886 Thread 0x00000000021b8000 Uncommon trap: reason=unreached action=reinterpret pc=0x00000000026931ac method=com.sun.tools.javac.code.Scope.enter(Lcom/sun/tools/javac/code/Symbol;Lcom/sun/tools/javac/code/Scope;Lcom/sun/tools/javac/code/Scope;)V @ 114
Event: 5.891 Thread 0x00000000021b8000 Uncommon trap: reason=unreached action=reinterpret pc=0x0000000002760484 method=com.sun.tools.javac.code.Types$19.visitClassType(Lcom/sun/tools/javac/code/Type$ClassType;Ljava/lang/Void;)Lcom/sun/tools/javac/code/Type; @ 43
Event: 5.922 Thread 0x00000000021b8000 Uncommon trap: reason=unreached action=reinterpret pc=0x000000000274b05c method=com.sun.tools.javac.code.Scope.enter(Lcom/sun/tools/javac/code/Symbol;Lcom/sun/tools/javac/code/Scope;Lcom/sun/tools/javac/code/Scope;)V @ 114
Event: 5.922 Thread 0x00000000021b8000 Uncommon trap: reason=predicate action=maybe_recompile pc=0x0000000002755f50 method=java.util.Arrays.fill([Ljava/lang/Object;Ljava/lang/Object;)V @ 10
Event: 5.939 Thread 0x00000000021b8000 Uncommon trap: reason=unreached action=reinterpret pc=0x00000000026bf734 method=com.sun.tools.javac.code.Types$19.visitClassType(Lcom/sun/tools/javac/code/Type$ClassType;Ljava/lang/Void;)Lcom/sun/tools/javac/code/Type; @ 43
Event: 5.994 Thread 0x00000000021b8000 Uncommon trap: reason=array_check action=maybe_recompile pc=0x00000000026bd7b4 method=java.util.Arrays.fill([Ljava/lang/Object;Ljava/lang/Object;)V @ 13
Event: 6.071 Thread 0x00000000021b8000 Uncommon trap: reason=array_check action=maybe_recompile pc=0x00000000026bd7b4 method=java.util.Arrays.fill([Ljava/lang/Object;Ljava/lang/Object;)V @ 13

Internal exceptions (10 events):
Event: 5.877 Thread 0x00000000021b8000 Threw 0x00000007d74643e0 at C:\re\jdk7u65\1313\hotspot\src\share\vm\prims\jvm.cpp:1244
Event: 5.879 Thread 0x00000000021b8000 Implicit null exception at 0x00000000027581f4 to 0x0000000002758246
Event: 5.921 Thread 0x00000000021b8000 Threw 0x00000007d76957c8 at C:\re\jdk7u65\1313\hotspot\src\share\vm\prims\jvm.cpp:1244
Event: 5.921 Thread 0x00000000021b8000 Threw 0x00000007d7696078 at C:\re\jdk7u65\1313\hotspot\src\share\vm\prims\jvm.cpp:1244
Event: 5.972 Thread 0x00000000021b8000 Threw 0x00000007d7778648 at C:\re\jdk7u65\1313\hotspot\src\share\vm\prims\jvm.cpp:1244
Event: 5.972 Thread 0x00000000021b8000 Threw 0x00000007d7779040 at C:\re\jdk7u65\1313\hotspot\src\share\vm\prims\jvm.cpp:1244
Event: 5.973 Thread 0x00000000021b8000 Threw 0x00000007d777c818 at C:\re\jdk7u65\1313\hotspot\src\share\vm\prims\jvm.cpp:1244
Event: 5.973 Thread 0x00000000021b8000 Threw 0x00000007d777d148 at C:\re\jdk7u65\1313\hotspot\src\share\vm\prims\jvm.cpp:1244
Event: 5.973 Thread 0x00000000021b8000 Threw 0x00000007d777f610 at C:\re\jdk7u65\1313\hotspot\src\share\vm\prims\jvm.cpp:1244
Event: 5.973 Thread 0x00000000021b8000 Threw 0x00000007d777fe78 at C:\re\jdk7u65\1313\hotspot\src\share\vm\prims\jvm.cpp:1244

Events (10 events):
Event: 5.973 loading class 0x000000000dac1cb0
Event: 5.973 loading class 0x000000000dac1cb0 done
Event: 5.973 loading class 0x000000000d6a61b0
Event: 5.973 loading class 0x000000000d6a61b0 done
Event: 5.994 Thread 0x00000000021b8000 Uncommon trap: trap_request=0xffffffd6 fr.pc=0x00000000026bd7b4
Event: 5.994 Thread 0x00000000021b8000 DEOPT PACKING pc=0x00000000026bd7b4 sp=0x000000000254df70
Event: 5.994 Thread 0x00000000021b8000 DEOPT UNPACKING pc=0x00000000025875a4 sp=0x000000000254df18 mode 2
Event: 6.071 Thread 0x00000000021b8000 Uncommon trap: trap_request=0xffffffd6 fr.pc=0x00000000026bd7b4
Event: 6.071 Thread 0x00000000021b8000 DEOPT PACKING pc=0x00000000026bd7b4 sp=0x000000000254df70
Event: 6.071 Thread 0x00000000021b8000 DEOPT UNPACKING pc=0x00000000025875a4 sp=0x000000000254df18 mode 2


Dynamic libraries:
0x000000013ffa0000 - 0x000000013ffd3000 	c:\Program Files\Java\jdk1.7.0_65\bin\java.exe
0x00000000772a0000 - 0x0000000077449000 	C:\windows\SYSTEM32\ntdll.dll
0x0000000077180000 - 0x000000007729f000 	C:\windows\system32\kernel32.dll
0x000007fefd300000 - 0x000007fefd36c000 	C:\windows\system32\KERNELBASE.dll
0x000007feff200000 - 0x000007feff2db000 	C:\windows\system32\ADVAPI32.dll
0x000007fefde90000 - 0x000007fefdf2f000 	C:\windows\system32\msvcrt.dll
0x000007fefdf30000 - 0x000007fefdf4f000 	C:\windows\SYSTEM32\sechost.dll
0x000007fefd860000 - 0x000007fefd98d000 	C:\windows\system32\RPCRT4.dll
0x0000000077080000 - 0x000000007717a000 	C:\windows\system32\USER32.dll
0x000007fefd9a0000 - 0x000007fefda07000 	C:\windows\system32\GDI32.dll
0x000007fefd990000 - 0x000007fefd99e000 	C:\windows\system32\LPK.dll
0x000007fefd410000 - 0x000007fefd4d9000 	C:\windows\system32\USP10.dll
0x000007fefb550000 - 0x000007fefb744000 	C:\windows\WinSxS\amd64_microsoft.windows.common-controls_6595b64144ccf1df_6.0.7601.18837_none_fa3b1e3d17594757\COMCTL32.dll
0x000007fefd4e0000 - 0x000007fefd551000 	C:\windows\system32\SHLWAPI.dll
0x000007fefdba0000 - 0x000007fefdbce000 	C:\windows\system32\IMM32.DLL
0x000007fefd560000 - 0x000007fefd669000 	C:\windows\system32\MSCTF.dll
0x0000000070fa0000 - 0x0000000071072000 	c:\Program Files\Java\jdk1.7.0_65\jre\bin\msvcr100.dll
0x000000006e290000 - 0x000000006ea62000 	c:\Program Files\Java\jdk1.7.0_65\jre\bin\server\jvm.dll
0x000007fefa640000 - 0x000007fefa649000 	C:\windows\system32\WSOCK32.dll
0x000007fefd810000 - 0x000007fefd85d000 	C:\windows\system32\WS2_32.dll
0x000007fefdf50000 - 0x000007fefdf58000 	C:\windows\system32\NSI.dll
0x000007fefba40000 - 0x000007fefba7b000 	C:\windows\system32\WINMM.dll
0x0000000077470000 - 0x0000000077477000 	C:\windows\system32\PSAPI.DLL
0x00000000710b0000 - 0x00000000710bf000 	c:\Program Files\Java\jdk1.7.0_65\jre\bin\verify.dll
0x0000000070f70000 - 0x0000000070f98000 	c:\Program Files\Java\jdk1.7.0_65\jre\bin\java.dll
0x0000000070f50000 - 0x0000000070f65000 	c:\Program Files\Java\jdk1.7.0_65\jre\bin\zip.dll
0x0000000070f30000 - 0x0000000070f49000 	C:\Program Files\Java\jdk1.7.0_65\jre\bin\net.dll
0x000007fefc830000 - 0x000007fefc885000 	C:\windows\system32\mswsock.dll
0x000007fefc820000 - 0x000007fefc827000 	C:\windows\System32\wship6.dll
0x0000000070f10000 - 0x0000000070f21000 	C:\Program Files\Java\jdk1.7.0_65\jre\bin\nio.dll

VM Arguments:
jvm_args: -Dclassworlds.conf=c:/TYO/Ohjelmat/apache-maven/bin/m2.conf -Dmaven.home=c:/TYO/Ohjelmat/apache-maven -Dmaven.multiModuleProjectDirectory=c:/TYO/Projektit/Tampere/oskari-server-extensions 
java_command: org.codehaus.plexus.classworlds.launcher.Launcher clean install
Launcher Type: SUN_STANDARD

Environment Variables:
JAVA_HOME=c:/Program Files/Java/jdk1.7.0_65
PATH=c:\Users\markokuo\bin;.;C:\Program Files (x86)\Git\local\bin;C:\Program Files (x86)\Git\mingw\bin;C:\Program Files (x86)\Git\bin;c:\Program Files\ImageMagick-6.8.9-Q16;c:\Program Files\Common Files\Microsoft Shared\Windows Live;c:\Program Files (x86)\Common Files\Microsoft Shared\Windows Live;c:\windows\system32;c:\windows;c:\windows\System32\Wbem;c:\windows\System32\WindowsPowerShell\v1.0\;c:\Program Files\WIDCOMM\Bluetooth Software\;c:\Program Files\WIDCOMM\Bluetooth Software\syswow64;c:\Program Files (x86)\ATI Technologies\ATI.ACE\Core-Static;c:\Program Files (x86)\Common Files\Roxio Shared\OEM\DLLShared\;c:\Program Files (x86)\Common Files\Roxio Shared\OEM\DLLShared\;c:\Program Files (x86)\Common Files\Roxio Shared\OEM\12.0\DLLShared\;c:\Program Files (x86)\Roxio\OEM\AudioCore\;c:\Program Files (x86)\Intel\Services\IPT\;c:\Program Files\TortoiseSVN\bin;c:\Program Files (x86)\Common Files\HP\Digital Imaging\bin;c:\Program Files (x86)\HP\Digital Imaging\bin\;c:\Program Files (x86)\HP\Digital Imaging\bin\Qt\Qt 4.3.3;c:\Program Files (x86)\Microsoft SQL Server\110\Tools\Binn\ManagementStudio\;c:\Program Files (x86)\Microsoft SQL Server\110\Tools\Binn\;c:\Program Files\Microsoft SQL Server\110\Tools\Binn\;c:\Program Files (x86)\Microsoft SQL Server\110\DTS\Binn\;c:\TYO\Ohjelmat\apache-ant-1.9.0\bin;c:\Program Files (x86)\Windows Live\Shared;c:\Program Files (x86)\sbt\bin;c:\Program Files\Microsoft\Web Platform Installer\;c:\Program Files\nodejs\;c:\TYO\Ohjelmat\apache-maven\bin;c:\Program Files (x86)\Skype\Phone\;c:\Users\markokuo\AppData\Roaming\npm
USERNAME=markokuo
OS=Windows_NT
PROCESSOR_IDENTIFIER=Intel64 Family 6 Model 42 Stepping 7, GenuineIntel



---------------  S Y S T E M  ---------------

OS: Windows 7 , 64 bit Build 7601 Service Pack 1

CPU:total 4 (2 cores per cpu, 2 threads per core) family 6 model 42 stepping 7, cmov, cx8, fxsr, mmx, sse, sse2, sse3, ssse3, sse4.1, sse4.2, popcnt, avx, aes, ht, tsc, tscinvbit

Memory: 4k page, physical 8337772k(427660k free), swap 10433088k(5188k free)

vm_info: Java HotSpot(TM) 64-Bit Server VM (24.65-b04) for windows-amd64 JRE (1.7.0_65-b19), built on Jul  9 2014 17:47:07 by "java_re" with unknown MS VC++:1600

time: Mon Sep 07 14:14:41 2015
elapsed time: 6 seconds

